# JRE version: OpenJDK Runtime Environment (17.0.11) (build 17.0.11+0--11852314)
# Java VM: OpenJDK 64-Bit Server VM (17.0.11+0--11852314, mixed mode, tiered, compressed oops, compressed class ptrs, g1 gc, windows-amd64)
GC Precious Log:
 CPUs: 12 total, 12 available
 Memory: 16108M
 Large Page Support: Disabled
 NUMA Support: Disabled
 Compressed Oops: Enabled (32-bit)
 Heap Region Size: 1M
 Heap Min Capacity: 8M
 Heap Initial Capacity: 252M
 Heap Max Capacity: 2G
 Pre-touch: Disabled
 Parallel Workers: 10
 Concurrent Workers: 3
 Concurrent Refinement Workers: 10
 Periodic GC: Disabled
Heap:
 garbage-first heap   total 350208K, used 227595K [0x0000000080000000, 0x0000000100000000)
  region size 1024K, 11 young (11264K), 11 survivors (11264K)
 Metaspace       used 204274K, committed 205504K, reserved 1245184K
  class space    used 27584K, committed 28160K, reserved 1048576K
GC Heap History (20 events):
Event: 520.227 GC heap after
{Heap after GC invocations=74 (full 0):
 garbage-first heap   total 311296K, used 185067K [0x0000000080000000, 0x0000000100000000)
  region size 1024K, 2 young (2048K), 2 survivors (2048K)
 Metaspace       used 166457K, committed 167616K, reserved 1245184K
  class space    used 23344K, committed 23936K, reserved 1048576K
}
Event: 520.510 GC heap before
{Heap before GC invocations=74 (full 0):
 garbage-first heap   total 311296K, used 215787K [0x0000000080000000, 0x0000000100000000)
  region size 1024K, 33 young (33792K), 2 survivors (2048K)
 Metaspace       used 170562K, committed 171712K, reserved 1245184K
  class space    used 23871K, committed 24448K, reserved 1048576K
}
Event: 520.512 GC heap after
{Heap after GC invocations=75 (full 0):
 garbage-first heap   total 311296K, used 186305K [0x0000000080000000, 0x0000000100000000)
  region size 1024K, 3 young (3072K), 3 survivors (3072K)
 Metaspace       used 170562K, committed 171712K, reserved 1245184K
  class space    used 23871K, committed 24448K, reserved 1048576K
}
Event: 521.173 GC heap before
{Heap before GC invocations=76 (full 0):
 garbage-first heap   total 334848K, used 255937K [0x0000000080000000, 0x0000000100000000)
  region size 1024K, 70 young (71680K), 3 survivors (3072K)
 Metaspace       used 173135K, committed 174336K, reserved 1245184K
  class space    used 24153K, committed 24768K, reserved 1048576K
}
Event: 521.177 GC heap after
{Heap after GC invocations=77 (full 0):
 garbage-first heap   total 334848K, used 191288K [0x0000000080000000, 0x0000000100000000)
  region size 1024K, 8 young (8192K), 8 survivors (8192K)
 Metaspace       used 173135K, committed 174336K, reserved 1245184K
  class space    used 24153K, committed 24768K, reserved 1048576K
}
Event: 521.321 GC heap before
{Heap before GC invocations=77 (full 0):
 garbage-first heap   total 334848K, used 199480K [0x0000000080000000, 0x0000000100000000)
  region size 1024K, 16 young (16384K), 8 survivors (8192K)
 Metaspace       used 174108K, committed 175232K, reserved 1245184K
  class space    used 24268K, committed 24832K, reserved 1048576K
}
Event: 521.327 GC heap after
{Heap after GC invocations=78 (full 0):
 garbage-first heap   total 334848K, used 190321K [0x0000000080000000, 0x0000000100000000)
  region size 1024K, 2 young (2048K), 2 survivors (2048K)
 Metaspace       used 174108K, committed 175232K, reserved 1245184K
  class space    used 24268K, committed 24832K, reserved 1048576K
}
Event: 522.007 GC heap before
{Heap before GC invocations=78 (full 0):
 garbage-first heap   total 334848K, used 272241K [0x0000000080000000, 0x0000000100000000)
  region size 1024K, 82 young (83968K), 2 survivors (2048K)
 Metaspace       used 183342K, committed 184512K, reserved 1245184K
  class space    used 25318K, committed 25920K, reserved 1048576K
}
Event: 522.012 GC heap after
{Heap after GC invocations=79 (full 0):
 garbage-first heap   total 334848K, used 193870K [0x0000000080000000, 0x0000000100000000)
  region size 1024K, 5 young (5120K), 5 survivors (5120K)
 Metaspace       used 183342K, committed 184512K, reserved 1245184K
  class space    used 25318K, committed 25920K, reserved 1048576K
}
Event: 522.626 GC heap before
{Heap before GC invocations=80 (full 0):
 garbage-first heap   total 334848K, used 274766K [0x0000000080000000, 0x0000000100000000)
  region size 1024K, 85 young (87040K), 5 survivors (5120K)
 Metaspace       used 193556K, committed 194816K, reserved 1245184K
  class space    used 26320K, committed 26944K, reserved 1048576K
}
Event: 522.631 GC heap after
{Heap after GC invocations=81 (full 0):
 garbage-first heap   total 334848K, used 197645K [0x0000000080000000, 0x0000000100000000)
  region size 1024K, 9 young (9216K), 9 survivors (9216K)
 Metaspace       used 193556K, committed 194816K, reserved 1245184K
  class space    used 26320K, committed 26944K, reserved 1048576K
}
Event: 522.639 GC heap before
{Heap before GC invocations=81 (full 0):
 garbage-first heap   total 334848K, used 205837K [0x0000000080000000, 0x0000000100000000)
  region size 1024K, 16 young (16384K), 9 survivors (9216K)
 Metaspace       used 193558K, committed 194816K, reserved 1245184K
  class space    used 26320K, committed 26944K, reserved 1048576K
}
Event: 522.645 GC heap after
{Heap after GC invocations=82 (full 0):
 garbage-first heap   total 334848K, used 198567K [0x0000000080000000, 0x0000000100000000)
  region size 1024K, 2 young (2048K), 2 survivors (2048K)
 Metaspace       used 193558K, committed 194816K, reserved 1245184K
  class space    used 26320K, committed 26944K, reserved 1048576K
}
Event: 523.078 GC heap before
{Heap before GC invocations=82 (full 0):
 garbage-first heap   total 334848K, used 278439K [0x0000000080000000, 0x0000000100000000)
  region size 1024K, 80 young (81920K), 2 survivors (2048K)
 Metaspace       used 197547K, committed 198784K, reserved 1245184K
  class space    used 26863K, committed 27456K, reserved 1048576K
}
Event: 523.082 GC heap after
{Heap after GC invocations=83 (full 0):
 garbage-first heap   total 334848K, used 204046K [0x0000000080000000, 0x0000000100000000)
  region size 1024K, 8 young (8192K), 8 survivors (8192K)
 Metaspace       used 197547K, committed 198784K, reserved 1245184K
  class space    used 26863K, committed 27456K, reserved 1048576K
}
Event: 523.670 GC heap before
{Heap before GC invocations=84 (full 0):
 garbage-first heap   total 350208K, used 276750K [0x0000000080000000, 0x0000000100000000)
  region size 1024K, 80 young (81920K), 8 survivors (8192K)
 Metaspace       used 203900K, committed 205120K, reserved 1245184K
  class space    used 27549K, committed 28160K, reserved 1048576K
}
Event: 523.674 GC heap after
{Heap after GC invocations=85 (full 0):
 garbage-first heap   total 350208K, used 210737K [0x0000000080000000, 0x0000000100000000)
  region size 1024K, 7 young (7168K), 7 survivors (7168K)
 Metaspace       used 203900K, committed 205120K, reserved 1245184K
  class space    used 27549K, committed 28160K, reserved 1048576K
}
Event: 523.717 GC heap before
{Heap before GC invocations=85 (full 0):
 garbage-first heap   total 350208K, used 220977K [0x0000000080000000, 0x0000000100000000)
  region size 1024K, 17 young (17408K), 7 survivors (7168K)
 Metaspace       used 204130K, committed 205312K, reserved 1245184K
  class space    used 27581K, committed 28160K, reserved 1048576K
}
Event: 523.721 GC heap after
{Heap after GC invocations=86 (full 0):
 garbage-first heap   total 350208K, used 207071K [0x0000000080000000, 0x0000000100000000)
  region size 1024K, 3 young (3072K), 3 survivors (3072K)
 Metaspace       used 204130K, committed 205312K, reserved 1245184K
  class space    used 27581K, committed 28160K, reserved 1048576K
}
Event: 523.921 GC heap before
{Heap before GC invocations=86 (full 0):
 garbage-first heap   total 350208K, used 290015K [0x0000000080000000, 0x0000000100000000)
  region size 1024K, 84 young (86016K), 3 survivors (3072K)
 Metaspace       used 204274K, committed 205504K, reserved 1245184K
  class space    used 27584K, committed 28160K, reserved 1048576K
}

